<?xml version="1.0" encoding="UTF-8" ?>
<testsuite tests="1" failures="1" name="csssr.TestRunner" time="4.469" errors="0" skipped="0">
  <properties>
[...]
</properties>
  <testcase classname="csssr.TestRunner" name="scenario" time="4.469">
    <failure message="expected [true] but found [false]" type="java.lang.AssertionError">java.lang.AssertionError: expected [true] but found [false]
	at org.testng.Assert.fail(Assert.java:94)
	at org.testng.Assert.failNotEquals(Assert.java:496)
	at org.testng.Assert.assertEquals(Assert.java:125)
	at org.testng.Assert.assertEquals(Assert.java:178)
	at org.testng.Assert.assertEquals(Assert.java:188)
	at csssr.Steps.checkThatElementStatusOfCheckbox(Steps.java:17)
	at ✽.check that checkbox is on(src/test/java/csssr/oneCase.feature:10)
</failure>
    <system-out>Configuring TestNG with: org.apache.maven.surefire.testng.conf.TestNG652Configurator@2c13da15
@testCase
Feature: test feature

  @testCase
  Scenario: checkin checkbox                                       &amp;#27;[90m# src/test/java/csssr/oneCase.feature:4&amp;#27;[0m
    &amp;#27;[32mGiven &amp;#27;[0m&amp;#27;[32mopen Chrome browser&amp;#27;[0m                                      &amp;#27;[90m# GlobalSteps.openChromeMobileBrowser()&amp;#27;[0m
    &amp;#27;[32mGiven &amp;#27;[0m&amp;#27;[32mopen page &quot;&amp;#27;[0m&amp;#27;[32m&amp;#27;[1mhttp://blog.csssr.ru/qa-engineer/&amp;#27;[0m&amp;#27;[32m&quot;&amp;#27;[0m            &amp;#27;[90m# GlobalSteps.openTopupPageOnMSite(String)&amp;#27;[0m
    &amp;#27;[32mAnd &amp;#27;[0m&amp;#27;[32mclick element &quot;&amp;#27;[0m&amp;#27;[32m&amp;#27;[1mНАХОДИТЬ НЕСОВЕРШЕНСТВА&amp;#27;[0m&amp;#27;[32m&quot; on &quot;&amp;#27;[0m&amp;#27;[32m&amp;#27;[1mjob page&amp;#27;[0m&amp;#27;[32m&quot; page&amp;#27;[0m &amp;#27;[90m# GlobalSteps.clickElement(String,String)&amp;#27;[0m
    &amp;#27;[32mAnd &amp;#27;[0m&amp;#27;[32mclick element &quot;&amp;#27;[0m&amp;#27;[32m&amp;#27;[1mЧувство прекрасного&amp;#27;[0m&amp;#27;[32m&quot; on &quot;&amp;#27;[0m&amp;#27;[32m&amp;#27;[1mjob page&amp;#27;[0m&amp;#27;[32m&quot; page&amp;#27;[0m     &amp;#27;[90m# GlobalSteps.clickElement(String,String)&amp;#27;[0m
    &amp;#27;[32mAnd &amp;#27;[0m&amp;#27;[32mclick element &quot;&amp;#27;[0m&amp;#27;[32m&amp;#27;[1mЧувство прекрасного&amp;#27;[0m&amp;#27;[32m&quot; on &quot;&amp;#27;[0m&amp;#27;[32m&amp;#27;[1mjob page&amp;#27;[0m&amp;#27;[32m&quot; page&amp;#27;[0m     &amp;#27;[90m# GlobalSteps.clickElement(String,String)&amp;#27;[0m
    &amp;#27;[31mThen &amp;#27;[0m&amp;#27;[31mcheck that checkbox is on&amp;#27;[0m                                 &amp;#27;[90m# Steps.checkThatElementStatusOfCheckbox()&amp;#27;[0m
      &amp;#27;[31mjava.lang.AssertionError: expected [true] but found [false]
	at org.testng.Assert.fail(Assert.java:94)
	at org.testng.Assert.failNotEquals(Assert.java:496)
	at org.testng.Assert.assertEquals(Assert.java:125)
	at org.testng.Assert.assertEquals(Assert.java:178)
	at org.testng.Assert.assertEquals(Assert.java:188)
	at csssr.Steps.checkThatElementStatusOfCheckbox(Steps.java:17)
	at ✽.check that checkbox is on(src/test/java/csssr/oneCase.feature:10)
&amp;#27;[0m
</system-out>
    <system-err>SLF4J: Failed to load class &quot;org.slf4j.impl.StaticLoggerBinder&quot;.
SLF4J: Defaulting to no-operation (NOP) logger implementation
SLF4J: See http://www.slf4j.org/codes.html#StaticLoggerBinder for further details.
Starting ChromeDriver 2.36.540469 (1881fd7f8641508feb5166b7cae561d87723cfa8) on port 10128
Only local connections are allowed.
Aug 21, 2018 11:18:02 PM org.openqa.selenium.remote.ProtocolHandshake createSession
INFO: Detected dialect: OSS
</system-err>
  </testcase>
</testsuite>